<?xml version="1.0" encoding="UTF-8"?>
<!-- Generated by org.testng.reporters.JUnitReportReporter -->
<testsuite hostname="DESKTOP-S1MQ5B3" failures="0" tests="5" name="com.qa.TestLayer.TestCase_001" time="47.133" errors="0" timestamp="14 Sep 2023 16:12:49 GMT" skipped="0">
  <testcase classname="com.qa.TestLayer.TestCase_001" name="formFill" time="8.307"/>
  <testcase classname="com.qa.TestLayer.TestCase_001" name="formFill" time="8.942"/>
  <testcase classname="com.qa.TestLayer.TestCase_001" name="formFill" time="10.068"/>
  <testcase classname="com.qa.TestLayer.TestCase_001" name="formFill" time="12.007"/>
  <testcase classname="com.qa.TestLayer.TestCase_001" name="validateLinkTxt" time="7.809"/>
</testsuite> <!-- com.qa.TestLayer.TestCase_001 -->
