<?xml version="1.0" encoding="UTF-8"?>
<!-- Generated by org.testng.reporters.JUnitReportReporter -->
<testsuite hostname="DESKTOP-S1MQ5B3" failures="0" tests="5" name="com.qa.TestLayer.TestCase_001" time="55.342" errors="0" timestamp="14 Sep 2023 16:28:23 GMT" skipped="0">
  <testcase classname="com.qa.TestLayer.TestCase_001" name="formFill" time="11.117"/>
  <testcase classname="com.qa.TestLayer.TestCase_001" name="formFill" time="8.449"/>
  <testcase classname="com.qa.TestLayer.TestCase_001" name="formFill" time="10.241"/>
  <testcase classname="com.qa.TestLayer.TestCase_001" name="formFill" time="8.386"/>
  <testcase classname="com.qa.TestLayer.TestCase_001" name="validateLinkTxt" time="17.149"/>
</testsuite> <!-- com.qa.TestLayer.TestCase_001 -->
